[2025-08-25T19:04:28.844Z] Starting indexing check. Using CSE: false. Total slugs: 86
[2025-08-25T19:04:33.013Z] Checked the-future-of-depression-treatment-isnt-a-pill-its-neuroplasticity → google=false bing=false status=not-indexed
[2025-08-25T19:04:33.863Z] Checked healing-attachment-issues-steps-to-a-more-secure-resilient-you → google=false bing=false status=not-indexed
[2025-08-25T19:04:34.551Z] Checked online-therapy-for-veterans → google=false bing=false status=not-indexed
[2025-08-25T19:04:35.602Z] Checked psychedelic-therapy-for-anxiety → google=false bing=false status=not-indexed
[2025-08-25T19:04:36.497Z] Checked ketamine-therapy-for-trauma → google=false bing=false status=not-indexed
[2025-08-25T19:04:37.503Z] Checked emdr-therapy-for-insomnia → google=false bing=false status=not-indexed
[2025-08-25T19:04:38.488Z] Checked emotional-safety-boundaries → google=false bing=false status=not-indexed
[2025-08-25T19:04:39.330Z] Checked oral-ketamine-for-depression → google=false bing=false status=not-indexed
[2025-08-25T19:04:40.328Z] Checked how-to-work-on-yourself-in-a-relationship → google=false bing=false status=not-indexed
[2025-08-25T19:04:41.122Z] Checked body-image-struggles-and-mental-health → google=false bing=false status=not-indexed
[2025-08-25T19:04:41.955Z] Checked is-online-therapy-as-effective-as-in-person → google=false bing=false status=not-indexed
[2025-08-25T19:04:43.280Z] Checked emotional-exhaustion → google=false bing=false status=not-indexed
[2025-08-25T19:04:44.514Z] Checked fear-of-happiness → google=false bing=false status=not-indexed
[2025-08-25T19:04:45.547Z] Checked emotional-awareness → google=false bing=false status=not-indexed
[2025-08-25T19:04:46.338Z] Checked political-anxiety → google=false bing=false status=not-indexed
[2025-08-25T19:04:47.358Z] Checked high-functioniong-anxiety → google=false bing=false status=not-indexed
[2025-08-25T19:04:48.543Z] Checked emotional-regulation-skills → google=false bing=false status=not-indexed
[2025-08-25T19:04:49.532Z] Checked can-you-get-seasonal-depression-in-the-summer → google=false bing=false status=not-indexed
[2025-08-25T19:04:50.477Z] Checked couples-therapy-vs-individual-therapy → google=false bing=false status=not-indexed
[2025-08-25T19:04:51.274Z] Checked can-stress-and-anxiety-cause-body-aches → google=false bing=false status=not-indexed
[2025-08-25T19:04:54.510Z] Checked hidden-impact-of-chronic-pain → google=false bing=false status=not-indexed
[2025-08-25T19:04:56.891Z] Checked mental-health-stigma → google=false bing=false status=not-indexed
[2025-08-25T19:04:58.956Z] Checked emotional-numbness → google=false bing=false status=not-indexed
[2025-08-25T19:04:59.818Z] Checked ketamine-therapy-for-anxiety → google=false bing=false status=not-indexed
[2025-08-25T19:05:01.003Z] Checked finding-support-online-therapy-for-trauma → google=false bing=false status=not-indexed
[2025-08-25T19:05:02.067Z] Checked veterans-psychedelic-therapy-healing-our-heroes → google=false bing=false status=not-indexed
[2025-08-25T19:05:03.139Z] Checked finding-relief-online-therapy-for-anxiety → google=false bing=false status=not-indexed
[2025-08-25T19:05:04.009Z] Checked finding-relief-online-therapy-for-obsessive-compulsive-disorder → google=false bing=false status=not-indexed
[2025-08-25T19:05:04.762Z] Checked emdr-therapy-for-ptsd-in-veterans-healing-the-invisible-wounds → google=false bing=false status=not-indexed
[2025-08-25T19:05:05.534Z] Checked healing-ptsd-with-psychedelic-therapy-for-ptsd → google=false bing=false status=not-indexed
[2025-08-25T19:05:06.429Z] Checked finding-freedom-online-therapy-for-agoraphobia → google=false bing=false status=not-indexed
[2025-08-25T19:05:08.574Z] Checked healing-social-anxiety-with-ketamine-therapy → google=false bing=false status=not-indexed
[2025-08-25T19:05:09.347Z] Checked what-is-psychedelic-integration-therapy → google=false bing=false status=not-indexed
[2025-08-25T19:05:10.167Z] Checked what-is-ketamine-therapy → google=false bing=false status=not-indexed
[2025-08-25T19:05:11.488Z] Checked what-is-psychiatric-therapy → google=false bing=false status=not-indexed
[2025-08-25T19:05:12.203Z] Checked what-is-emdr-therapy → google=false bing=false status=not-indexed
[2025-08-25T19:05:13.162Z] Checked how-to-stop-anxiety-attack-in-the-heat-of-summer → google=false bing=false status=not-indexed
[2025-08-25T19:05:13.909Z] Checked what-is-talk-therapy → google=false bing=false status=not-indexed
[2025-08-25T19:05:15.011Z] Checked summer-mental-health → google=false bing=false status=not-indexed
[2025-08-25T19:05:15.800Z] Checked what-does-edmr-therapy-do → google=false bing=false status=not-indexed
[2025-08-25T19:05:16.874Z] Checked benefits-of-emdr-therapy → google=false bing=false status=not-indexed
[2025-08-25T19:05:17.618Z] Checked how-does-emdr-work → google=false bing=false status=not-indexed
[2025-08-25T19:05:18.300Z] Checked end-of-school-emotions → google=false bing=false status=not-indexed
[2025-08-25T19:05:19.275Z] Checked emdr-therapy-for-anxiety-and-depression → google=false bing=false status=not-indexed
[2025-08-25T19:05:20.074Z] Checked emdr-therapy-for-grief → google=false bing=false status=not-indexed
[2025-08-25T19:05:20.978Z] Checked ketamine-therapy-for-veterans → google=false bing=false status=not-indexed
[2025-08-25T19:05:21.805Z] Checked psychedelic-therapy-for-trauma → google=false bing=false status=not-indexed
[2025-08-25T19:05:22.742Z] Checked ketamine-therapy-for-childhood-trauma → google=false bing=false status=not-indexed
[2025-08-25T19:05:23.541Z] Checked psychedelic-therapy-for-bipolar → google=false bing=false status=not-indexed
[2025-08-25T19:05:24.355Z] Checked science-behind-ketamine-therapy → google=false bing=false status=not-indexed
[2025-08-25T19:05:26.083Z] Checked ketamine-therapy-for-ptsd → google=false bing=false status=not-indexed
[2025-08-25T19:05:27.928Z] Checked talk-therapy-for-depression → google=false bing=false status=not-indexed
[2025-08-25T19:05:28.933Z] Checked ketamine-therapy-for-ocd → google=false bing=false status=not-indexed
[2025-08-25T19:05:29.744Z] Checked ketamine-therapy-for-pain-management → google=false bing=false status=not-indexed
[2025-08-25T19:05:30.993Z] Checked understanding-treatment-resistant-depression → google=false bing=false status=not-indexed
[2025-08-25T19:05:31.839Z] Checked ketamine-therapy-for-chronic-pain → google=false bing=false status=not-indexed
[2025-08-25T19:05:32.692Z] Checked ketamine-therapy-for-anxiety-and-depression → google=false bing=false status=not-indexed
[2025-08-25T19:05:33.618Z] Checked ketamine-therapy-for-couples → google=false bing=false status=not-indexed
[2025-08-25T19:05:34.694Z] Checked understanding-autism-adhd → google=false bing=false status=not-indexed
[2025-08-25T19:05:36.359Z] Checked emdr-therapy-for-family-trauma → google=false bing=false status=not-indexed
[2025-08-25T19:05:38.205Z] Checked talk-therapy-for-narcissistic-personality-disorder → google=false bing=false status=not-indexed
[2025-08-25T19:05:40.455Z] Checked mental-health-statistics → google=false bing=false status=not-indexed
[2025-08-25T19:05:41.963Z] Checked emdr-therapy-for-abandonment-issues → google=false bing=false status=not-indexed
[2025-08-25T19:05:42.831Z] Checked how-to-find-a-sitter → google=false bing=false status=not-indexed
[2025-08-25T19:05:44.382Z] Checked ben-medrano-blog-post → google=false bing=false status=not-indexed
[2025-08-25T19:05:46.226Z] Checked ketamine-integration-guide → google=false bing=false status=not-indexed
[2025-08-25T19:05:48.260Z] Checked ketamine-integration-exercises → google=false bing=false status=not-indexed
[2025-08-25T19:05:49.099Z] Checked will-ketamine-show-up-on-my-drug-test → google=false bing=false status=not-indexed
[2025-08-25T19:05:50.555Z] Checked what-to-know-nervous-ketamine-experience → google=false bing=false status=not-indexed
[2025-08-25T19:05:51.432Z] Checked how-we-keep-you-safe-at-innerwell → google=false bing=false status=not-indexed
[2025-08-25T19:05:52.829Z] Checked in-memoriam-dr.-garrett-deckel → google=false bing=false status=not-indexed
[2025-08-25T19:05:54.379Z] Checked innerwell-reviews → google=false bing=false status=not-indexed
[2025-08-25T19:05:56.087Z] Checked 135-intention-setting-examples-for-ketamine-therapy → google=false bing=false status=not-indexed
[2025-08-25T19:05:57.018Z] Checked online-ketamine-therapy-101 → google=false bing=false status=not-indexed
[2025-08-25T19:05:58.645Z] Checked ketamine-intention-setting → google=false bing=false status=not-indexed
[2025-08-25T19:05:59.810Z] Checked benefits-of-at-home-ketamine-therapy-vs-in-person → google=false bing=false status=not-indexed
[2025-08-25T19:06:00.827Z] Checked low-cost-ketamine-treatment → google=false bing=false status=not-indexed
[2025-08-25T19:06:01.974Z] Checked how-to-prepare-for-ketamine-experience → google=false bing=false status=not-indexed
[2025-08-25T19:06:02.919Z] Checked how-do-i-interact-with-my-therapist → google=false bing=false status=not-indexed
[2025-08-25T19:06:03.794Z] Checked dispelling-stigma-psychedelics → google=false bing=false status=not-indexed
[2025-08-25T19:06:04.590Z] Checked ketamine-for-anxiety → google=false bing=false status=not-indexed
[2025-08-25T19:06:05.635Z] Checked post-session-care → google=false bing=false status=not-indexed
[2025-08-25T19:06:06.652Z] Checked role-of-a-sitter → google=false bing=false status=not-indexed
[2025-08-25T19:06:11.192Z] Checked ketamine-101 → google=false bing=false status=not-indexed
[2025-08-25T19:06:16.026Z] Checked what-to-consider-psychedelic-therapy → google=false bing=false status=not-indexed
[2025-08-25T19:06:17.983Z] Checked meet-innerwell → google=false bing=false status=not-indexed
[2025-08-25T19:06:18.118Z] Wrote 86 statuses → /Users/apple/Desktop/Documents/Projects/practice/innerwell/innerwell-reflections/public/indexing-status.json. Log: /Users/apple/Desktop/Documents/Projects/practice/innerwell/innerwell-reflections/logs/indexing-2025-08-25.log
[2025-08-25T19:26:52.039Z] Starting indexing check. Using CSE: false. Total slugs: 86
[2025-08-25T19:26:53.109Z] Checked neuroplasticity-depression → google=false bing=false status=not-indexed
[2025-08-25T19:26:53.922Z] Checked how-to-heal-attachment-issues → google=false bing=false status=not-indexed
[2025-08-25T19:26:54.742Z] Checked online-therapy-for-veterans → google=false bing=false status=not-indexed
[2025-08-25T19:26:55.543Z] Checked psychedelic-therapy-for-anxiety → google=false bing=false status=not-indexed
[2025-08-25T19:26:56.422Z] Checked ketamine-therapy-for-trauma → google=false bing=false status=not-indexed
[2025-08-25T19:26:57.321Z] Checked emdr-therapy-for-insomnia → google=false bing=false status=not-indexed
[2025-08-25T19:26:58.031Z] Checked emotional-safety-boundaries → google=false bing=false status=not-indexed
[2025-08-25T19:26:58.906Z] Checked oral-ketamine-for-depression → google=false bing=false status=not-indexed
[2025-08-25T19:26:59.528Z] Checked how-to-work-on-yourself-in-a-relationship → google=false bing=false status=not-indexed
[2025-08-25T19:27:00.206Z] Checked body-image-struggles-and-mental-health → google=false bing=false status=not-indexed
[2025-08-25T19:27:01.004Z] Checked is-online-therapy-as-effective-as-in-person → google=false bing=false status=not-indexed
[2025-08-25T19:27:01.645Z] Checked emotional-exhaustion → google=false bing=false status=not-indexed
[2025-08-25T19:27:02.331Z] Checked fear-of-happiness → google=false bing=false status=not-indexed
[2025-08-25T19:27:03.053Z] Checked emotional-awareness → google=false bing=false status=not-indexed
[2025-08-25T19:27:03.723Z] Checked political-anxiety → google=false bing=false status=not-indexed
[2025-08-25T19:27:04.295Z] Checked high-functioniong-anxiety → google=false bing=false status=not-indexed
[2025-08-25T19:27:05.049Z] Checked emotional-regulation-skills → google=false bing=false status=not-indexed
[2025-08-25T19:27:06.046Z] Checked can-you-get-seasonal-depression-in-the-summer → google=false bing=false status=not-indexed
[2025-08-25T19:27:06.766Z] Checked couples-therapy-vs-individual-therapy → google=false bing=false status=not-indexed
[2025-08-25T19:27:07.465Z] Checked can-stress-and-anxiety-cause-body-aches → google=false bing=false status=not-indexed
[2025-08-25T19:27:08.294Z] Checked hidden-impact-of-chronic-pain → google=false bing=false status=not-indexed
[2025-08-25T19:27:09.158Z] Checked mental-health-stigma → google=false bing=false status=not-indexed
[2025-08-25T19:27:09.799Z] Checked emotional-numbness → google=false bing=false status=not-indexed
[2025-08-25T19:27:10.702Z] Checked ketamine-therapy-for-anxiety → google=false bing=false status=not-indexed
[2025-08-25T19:27:11.374Z] Checked finding-support-online-therapy-for-trauma → google=false bing=false status=not-indexed
[2025-08-25T19:27:12.207Z] Checked veterans-psychedelic-therapy-healing-our-heroes → google=false bing=false status=not-indexed
[2025-08-25T19:27:13.217Z] Checked finding-relief-online-therapy-for-anxiety → google=false bing=false status=not-indexed
[2025-08-25T19:27:13.945Z] Checked finding-relief-online-therapy-for-obsessive-compulsive-disorder → google=false bing=false status=not-indexed
[2025-08-25T19:27:14.626Z] Checked emdr-therapy-for-ptsd-in-veterans-healing-the-invisible-wounds → google=false bing=false status=not-indexed
[2025-08-25T19:27:15.335Z] Checked healing-ptsd-with-psychedelic-therapy-for-ptsd → google=false bing=false status=not-indexed
[2025-08-25T19:27:15.944Z] Checked finding-freedom-online-therapy-for-agoraphobia → google=false bing=false status=not-indexed
[2025-08-25T19:27:16.551Z] Checked healing-social-anxiety-with-ketamine-therapy → google=false bing=false status=not-indexed
[2025-08-25T19:27:17.134Z] Checked what-is-psychedelic-integration-therapy → google=false bing=false status=not-indexed
[2025-08-25T19:27:17.812Z] Checked what-is-ketamine-therapy → google=false bing=false status=not-indexed
[2025-08-25T19:27:18.723Z] Checked what-is-psychiatric-therapy → google=false bing=false status=not-indexed
[2025-08-25T19:27:19.407Z] Checked what-is-emdr-therapy → google=false bing=false status=not-indexed
[2025-08-25T19:27:20.117Z] Checked how-to-stop-anxiety-attack-in-the-heat-of-summer → google=false bing=false status=not-indexed
[2025-08-25T19:27:20.730Z] Checked what-is-talk-therapy → google=false bing=false status=not-indexed
[2025-08-25T19:27:21.449Z] Checked summer-mental-health → google=false bing=false status=not-indexed
[2025-08-25T19:27:22.018Z] Checked what-does-edmr-therapy-do → google=false bing=false status=not-indexed
[2025-08-25T19:27:22.742Z] Checked benefits-of-emdr-therapy → google=false bing=false status=not-indexed
[2025-08-25T19:27:23.499Z] Checked how-does-emdr-work → google=false bing=false status=not-indexed
[2025-08-25T19:27:24.077Z] Checked end-of-school-emotions → google=false bing=false status=not-indexed
[2025-08-25T19:27:24.956Z] Checked emdr-therapy-for-anxiety-and-depression → google=false bing=false status=not-indexed
[2025-08-25T19:27:25.592Z] Checked emdr-therapy-for-grief → google=false bing=false status=not-indexed
[2025-08-25T19:27:26.426Z] Checked ketamine-therapy-for-veterans → google=false bing=false status=not-indexed
[2025-08-25T19:27:27.172Z] Checked psychedelic-therapy-for-trauma → google=false bing=false status=not-indexed
[2025-08-25T19:27:27.942Z] Checked ketamine-therapy-for-childhood-trauma → google=false bing=false status=not-indexed
[2025-08-25T19:27:28.547Z] Checked psychedelic-therapy-for-bipolar → google=false bing=false status=not-indexed
[2025-08-25T19:27:29.131Z] Checked science-behind-ketamine-therapy → google=false bing=false status=not-indexed
[2025-08-25T19:27:29.992Z] Checked ketamine-therapy-for-ptsd → google=false bing=false status=not-indexed
[2025-08-25T19:27:30.630Z] Checked talk-therapy-for-depression → google=false bing=false status=not-indexed
[2025-08-25T19:27:31.500Z] Checked ketamine-therapy-for-ocd → google=false bing=false status=not-indexed
[2025-08-25T19:27:32.554Z] Checked ketamine-therapy-for-pain-management → google=false bing=false status=not-indexed
[2025-08-25T19:27:33.136Z] Checked understanding-treatment-resistant-depression → google=false bing=false status=not-indexed
[2025-08-25T19:27:33.913Z] Checked ketamine-therapy-for-chronic-pain → google=false bing=false status=not-indexed
[2025-08-25T19:27:34.606Z] Checked ketamine-therapy-for-anxiety-and-depression → google=false bing=false status=not-indexed
[2025-08-25T19:27:35.284Z] Checked ketamine-therapy-for-couples → google=false bing=false status=not-indexed
[2025-08-25T19:27:36.136Z] Checked understanding-autism-adhd → google=false bing=false status=not-indexed
[2025-08-25T19:27:36.873Z] Checked emdr-therapy-for-family-trauma → google=false bing=false status=not-indexed
[2025-08-25T19:27:37.582Z] Checked talk-therapy-for-narcissistic-personality-disorder → google=false bing=false status=not-indexed
[2025-08-25T19:27:38.479Z] Checked mental-health-statistics → google=false bing=false status=not-indexed
[2025-08-25T19:27:39.293Z] Checked emdr-therapy-for-abandonment-issues → google=false bing=false status=not-indexed
[2025-08-25T19:27:40.017Z] Checked how-to-find-a-sitter → google=false bing=false status=not-indexed
[2025-08-25T19:27:40.727Z] Checked ben-medrano-blog-post → google=false bing=false status=not-indexed
[2025-08-25T19:27:41.572Z] Checked ketamine-integration-guide → google=false bing=false status=not-indexed
[2025-08-25T19:27:42.525Z] Checked ketamine-integration-exercises → google=false bing=false status=not-indexed
[2025-08-25T19:27:43.177Z] Checked will-ketamine-show-up-on-my-drug-test → google=false bing=false status=not-indexed
[2025-08-25T19:27:43.806Z] Checked what-to-know-nervous-ketamine-experience → google=false bing=false status=not-indexed
[2025-08-25T19:27:44.618Z] Checked how-we-keep-you-safe-at-innerwell → google=false bing=false status=not-indexed
[2025-08-25T19:27:45.385Z] Checked in-memoriam-dr.-garrett-deckel → google=false bing=false status=not-indexed
[2025-08-25T19:27:46.266Z] Checked innerwell-reviews → google=false bing=false status=not-indexed
[2025-08-25T19:27:47.080Z] Checked 135-intention-setting-examples-for-ketamine-therapy → google=false bing=false status=not-indexed
[2025-08-25T19:27:47.752Z] Checked online-ketamine-therapy-101 → google=false bing=false status=not-indexed
[2025-08-25T19:27:48.540Z] Checked ketamine-intention-setting → google=false bing=false status=not-indexed
[2025-08-25T19:27:49.479Z] Checked benefits-of-at-home-ketamine-therapy-vs-in-person → google=false bing=false status=not-indexed
[2025-08-25T19:27:50.386Z] Checked low-cost-ketamine-treatment → google=false bing=false status=not-indexed
[2025-08-25T19:27:51.022Z] Checked how-to-prepare-for-ketamine-experience → google=false bing=false status=not-indexed
[2025-08-25T19:27:52.007Z] Checked how-do-i-interact-with-my-therapist → google=false bing=false status=not-indexed
[2025-08-25T19:27:52.843Z] Checked dispelling-stigma-psychedelics → google=false bing=false status=not-indexed
[2025-08-25T19:27:53.711Z] Checked ketamine-for-anxiety → google=false bing=false status=not-indexed
[2025-08-25T19:27:54.424Z] Checked post-session-care → google=false bing=false status=not-indexed
[2025-08-25T19:27:55.192Z] Checked role-of-a-sitter → google=false bing=false status=not-indexed
[2025-08-25T19:27:56.068Z] Checked ketamine-101 → google=false bing=false status=not-indexed
[2025-08-25T19:27:56.771Z] Checked what-to-consider-psychedelic-therapy → google=false bing=false status=not-indexed
[2025-08-25T19:27:57.712Z] Checked meet-innerwell → google=false bing=false status=not-indexed
[2025-08-25T19:27:57.716Z] Wrote 86 statuses → /Users/apple/Desktop/Documents/Projects/practice/innerwell/innerwell-reflections/public/indexing-status.json. Log: /Users/apple/Desktop/Documents/Projects/practice/innerwell/innerwell-reflections/logs/indexing-2025-08-25.log
[2025-08-25T19:32:11.935Z] Starting indexing check. Using CSE: false. Total slugs: 86
[2025-08-25T19:32:16.938Z] Checked neuroplasticity-depression → google=false bing=false status=not-indexed
[2025-08-25T19:32:17.952Z] Checked how-to-heal-attachment-issues → google=false bing=false status=not-indexed
[2025-08-25T19:32:19.060Z] Checked online-therapy-for-veterans → google=false bing=false status=not-indexed
[2025-08-25T19:32:20.319Z] Checked psychedelic-therapy-for-anxiety → google=false bing=false status=not-indexed
[2025-08-25T19:32:21.098Z] Checked ketamine-therapy-for-trauma → google=false bing=false status=not-indexed
[2025-08-25T19:32:22.031Z] Checked emdr-therapy-for-insomnia → google=false bing=false status=not-indexed
[2025-08-25T19:32:23.030Z] Checked emotional-safety-boundaries → google=false bing=false status=not-indexed
[2025-08-25T19:32:23.880Z] Checked oral-ketamine-for-depression → google=false bing=false status=not-indexed
[2025-08-25T19:32:24.732Z] Checked how-to-work-on-yourself-in-a-relationship → google=false bing=false status=not-indexed
[2025-08-25T19:32:25.816Z] Checked body-image-struggles-and-mental-health → google=false bing=false status=not-indexed
[2025-08-25T19:32:26.542Z] Checked is-online-therapy-as-effective-as-in-person → google=false bing=false status=not-indexed
[2025-08-25T19:32:27.336Z] Checked emotional-exhaustion → google=false bing=false status=not-indexed
[2025-08-25T19:32:28.420Z] Checked fear-of-happiness → google=false bing=false status=not-indexed
[2025-08-25T19:32:29.997Z] Checked emotional-awareness → google=false bing=false status=not-indexed
[2025-08-25T19:32:30.670Z] Checked political-anxiety → google=false bing=false status=not-indexed
[2025-08-25T19:32:31.678Z] Checked high-functioniong-anxiety → google=false bing=false status=not-indexed
[2025-08-25T19:32:32.561Z] Checked emotional-regulation-skills → google=false bing=false status=not-indexed
[2025-08-25T19:32:33.254Z] Checked can-you-get-seasonal-depression-in-the-summer → google=false bing=false status=not-indexed
[2025-08-25T19:32:34.130Z] Checked couples-therapy-vs-individual-therapy → google=false bing=false status=not-indexed
[2025-08-25T19:32:35.042Z] Checked can-stress-and-anxiety-cause-body-aches → google=false bing=false status=not-indexed
[2025-08-25T19:32:35.978Z] Checked hidden-impact-of-chronic-pain → google=false bing=false status=not-indexed
[2025-08-25T19:32:36.787Z] Checked mental-health-stigma → google=false bing=false status=not-indexed
[2025-08-25T19:32:37.763Z] Checked emotional-numbness → google=false bing=false status=not-indexed
[2025-08-25T19:32:38.879Z] Checked ketamine-therapy-for-anxiety → google=false bing=false status=not-indexed
[2025-08-25T19:32:40.579Z] Checked finding-support-online-therapy-for-trauma → google=false bing=false status=not-indexed
[2025-08-25T19:32:41.864Z] Checked veterans-psychedelic-therapy-healing-our-heroes → google=false bing=false status=not-indexed
[2025-08-25T19:32:42.787Z] Checked finding-relief-online-therapy-for-anxiety → google=false bing=false status=not-indexed
[2025-08-25T19:32:43.769Z] Checked finding-relief-online-therapy-for-obsessive-compulsive-disorder → google=false bing=false status=not-indexed
[2025-08-25T19:32:44.646Z] Checked emdr-therapy-for-ptsd-in-veterans-healing-the-invisible-wounds → google=false bing=false status=not-indexed
[2025-08-25T19:32:45.641Z] Checked healing-ptsd-with-psychedelic-therapy-for-ptsd → google=false bing=false status=not-indexed
[2025-08-25T19:32:46.581Z] Checked finding-freedom-online-therapy-for-agoraphobia → google=false bing=false status=not-indexed
[2025-08-25T19:32:47.566Z] Checked healing-social-anxiety-with-ketamine-therapy → google=false bing=false status=not-indexed
[2025-08-25T19:32:48.693Z] Checked what-is-psychedelic-integration-therapy → google=false bing=false status=not-indexed
[2025-08-25T19:32:49.648Z] Checked what-is-ketamine-therapy → google=false bing=false status=not-indexed
[2025-08-25T19:32:50.411Z] Checked what-is-psychiatric-therapy → google=false bing=false status=not-indexed
[2025-08-25T19:32:51.925Z] Checked what-is-emdr-therapy → google=false bing=false status=not-indexed
[2025-08-25T19:32:52.890Z] Checked how-to-stop-anxiety-attack-in-the-heat-of-summer → google=false bing=false status=not-indexed
[2025-08-25T19:32:56.078Z] Checked what-is-talk-therapy → google=false bing=false status=not-indexed
[2025-08-25T19:32:56.924Z] Checked summer-mental-health → google=false bing=false status=not-indexed
[2025-08-25T19:32:58.086Z] Checked what-does-edmr-therapy-do → google=false bing=false status=not-indexed
[2025-08-25T19:32:59.138Z] Checked benefits-of-emdr-therapy → google=false bing=false status=not-indexed
[2025-08-25T19:33:00.242Z] Checked how-does-emdr-work → google=false bing=false status=not-indexed
[2025-08-25T19:33:01.349Z] Checked end-of-school-emotions → google=false bing=false status=not-indexed
[2025-08-25T19:33:02.265Z] Checked emdr-therapy-for-anxiety-and-depression → google=false bing=false status=not-indexed
[2025-08-25T19:33:03.182Z] Checked emdr-therapy-for-grief → google=false bing=false status=not-indexed
[2025-08-25T19:33:04.193Z] Checked ketamine-therapy-for-veterans → google=false bing=false status=not-indexed
[2025-08-25T19:33:05.023Z] Checked psychedelic-therapy-for-trauma → google=false bing=false status=not-indexed
[2025-08-25T19:33:06.178Z] Checked ketamine-therapy-for-childhood-trauma → google=false bing=false status=not-indexed
[2025-08-25T19:33:07.378Z] Checked psychedelic-therapy-for-bipolar → google=false bing=false status=not-indexed
[2025-08-25T19:33:08.260Z] Checked science-behind-ketamine-therapy → google=false bing=false status=not-indexed
[2025-08-25T19:33:09.275Z] Checked ketamine-therapy-for-ptsd → google=false bing=false status=not-indexed
[2025-08-25T19:33:10.266Z] Checked talk-therapy-for-depression → google=false bing=false status=not-indexed
[2025-08-25T19:33:11.196Z] Checked ketamine-therapy-for-ocd → google=false bing=false status=not-indexed
[2025-08-25T19:33:12.145Z] Checked ketamine-therapy-for-pain-management → google=false bing=false status=not-indexed
[2025-08-25T19:33:12.822Z] Checked understanding-treatment-resistant-depression → google=false bing=false status=not-indexed
[2025-08-25T19:33:13.968Z] Checked ketamine-therapy-for-chronic-pain → google=false bing=false status=not-indexed
[2025-08-25T19:33:14.932Z] Checked ketamine-therapy-for-anxiety-and-depression → google=false bing=false status=not-indexed
[2025-08-25T19:33:15.780Z] Checked ketamine-therapy-for-couples → google=false bing=false status=not-indexed
[2025-08-25T19:33:16.605Z] Checked understanding-autism-adhd → google=false bing=false status=not-indexed
[2025-08-25T19:33:17.402Z] Checked emdr-therapy-for-family-trauma → google=false bing=false status=not-indexed
[2025-08-25T19:33:18.163Z] Checked talk-therapy-for-narcissistic-personality-disorder → google=false bing=false status=not-indexed
[2025-08-25T19:33:18.905Z] Checked mental-health-statistics → google=false bing=false status=not-indexed
[2025-08-25T19:33:19.837Z] Checked emdr-therapy-for-abandonment-issues → google=false bing=false status=not-indexed
[2025-08-25T19:33:20.563Z] Checked how-to-find-a-sitter → google=false bing=false status=not-indexed
[2025-08-25T19:33:21.531Z] Checked ben-medrano-blog-post → google=false bing=false status=not-indexed
[2025-08-25T19:33:22.293Z] Checked ketamine-integration-guide → google=false bing=false status=not-indexed
[2025-08-25T19:33:23.154Z] Checked ketamine-integration-exercises → google=false bing=false status=not-indexed
[2025-08-25T19:33:23.926Z] Checked will-ketamine-show-up-on-my-drug-test → google=false bing=false status=not-indexed
[2025-08-25T19:33:24.904Z] Checked what-to-know-nervous-ketamine-experience → google=false bing=false status=not-indexed
[2025-08-25T19:33:25.863Z] Checked how-we-keep-you-safe-at-innerwell → google=false bing=false status=not-indexed
[2025-08-25T19:33:26.657Z] Checked in-memoriam-dr.-garrett-deckel → google=false bing=false status=not-indexed
[2025-08-25T19:33:27.514Z] Checked innerwell-reviews → google=false bing=false status=not-indexed
[2025-08-25T19:33:28.629Z] Checked 135-intention-setting-examples-for-ketamine-therapy → google=false bing=false status=not-indexed
[2025-08-25T19:33:29.432Z] Checked online-ketamine-therapy-101 → google=false bing=false status=not-indexed
[2025-08-25T19:33:30.148Z] Checked ketamine-intention-setting → google=false bing=false status=not-indexed
[2025-08-25T19:33:30.980Z] Checked benefits-of-at-home-ketamine-therapy-vs-in-person → google=false bing=false status=not-indexed
[2025-08-25T19:33:32.011Z] Checked low-cost-ketamine-treatment → google=false bing=false status=not-indexed
[2025-08-25T19:33:32.954Z] Checked how-to-prepare-for-ketamine-experience → google=false bing=false status=not-indexed
[2025-08-25T19:33:33.702Z] Checked how-do-i-interact-with-my-therapist → google=false bing=false status=not-indexed
[2025-08-25T19:33:34.785Z] Checked dispelling-stigma-psychedelics → google=false bing=false status=not-indexed
[2025-08-25T19:33:35.702Z] Checked ketamine-for-anxiety → google=false bing=false status=not-indexed
[2025-08-25T19:33:36.441Z] Checked post-session-care → google=false bing=false status=not-indexed
[2025-08-25T19:33:37.485Z] Checked role-of-a-sitter → google=false bing=false status=not-indexed
[2025-08-25T19:33:38.274Z] Checked ketamine-101 → google=false bing=false status=not-indexed
[2025-08-25T19:33:39.159Z] Checked what-to-consider-psychedelic-therapy → google=false bing=false status=not-indexed
[2025-08-25T19:33:39.989Z] Checked meet-innerwell → google=false bing=false status=not-indexed
[2025-08-25T19:33:39.997Z] Wrote 86 statuses → /Users/apple/Desktop/Documents/Projects/practice/innerwell/innerwell-reflections/public/indexing-status.json. Log: /Users/apple/Desktop/Documents/Projects/practice/innerwell/innerwell-reflections/logs/indexing-2025-08-25.log
