[2025-08-19T15:10:10.211Z] Starting indexing check. Using CSE: true. Total slugs: 84
[2025-08-19T15:10:10.908Z] Checked online-therapy-for-veterans → google=false bing=false status=not-indexed
[2025-08-19T15:10:11.394Z] Checked psychedelic-therapy-for-anxiety → google=false bing=false status=not-indexed
[2025-08-19T15:10:11.878Z] Checked ketamine-therapy-for-trauma → google=false bing=false status=not-indexed
[2025-08-19T15:10:12.374Z] Checked emdr-therapy-for-insomnia → google=false bing=false status=not-indexed
[2025-08-19T15:10:12.875Z] Checked emotional-safety-boundaries → google=false bing=false status=not-indexed
[2025-08-19T15:10:12.879Z] Wrote 5 statuses → /Users/apple/Desktop/Documents/Projects/practice/innerwell/innerwell-reflections/public/indexing-status.json. Log: /Users/apple/Desktop/Documents/Projects/practice/innerwell/innerwell-reflections/logs/indexing-2025-08-19.log
[2025-08-19T16:30:19.462Z] Starting indexing check. Using CSE: true. Total slugs: 84
[2025-08-19T16:30:20.275Z] Checked online-therapy-for-veterans → google=false bing=false status=not-indexed
[2025-08-19T16:30:20.809Z] Checked psychedelic-therapy-for-anxiety → google=false bing=false status=not-indexed
[2025-08-19T16:30:21.340Z] Checked ketamine-therapy-for-trauma → google=false bing=false status=not-indexed
[2025-08-19T16:30:21.866Z] Checked emdr-therapy-for-insomnia → google=false bing=false status=not-indexed
[2025-08-19T16:30:22.405Z] Checked emotional-safety-boundaries → google=false bing=false status=not-indexed
[2025-08-19T16:30:22.957Z] Checked oral-ketamine-for-depression → google=false bing=false status=not-indexed
[2025-08-19T16:30:23.522Z] Checked how-to-work-on-yourself-in-a-relationship → google=true bing=false status=complete
[2025-08-19T16:30:24.108Z] Checked body-image-struggles-and-mental-health → google=true bing=false status=complete
[2025-08-19T16:30:24.731Z] Checked is-online-therapy-as-effective-as-in-person → google=true bing=false status=complete
[2025-08-19T16:30:25.338Z] Checked emotional-exhaustion → google=true bing=false status=complete
[2025-08-19T16:30:25.916Z] Checked fear-of-happiness → google=true bing=false status=complete
[2025-08-19T16:30:26.569Z] Checked emotional-awareness → google=true bing=false status=complete
[2025-08-19T16:30:27.090Z] Checked political-anxiety → google=true bing=false status=complete
[2025-08-19T16:30:27.646Z] Checked high-functioniong-anxiety → google=true bing=false status=complete
[2025-08-19T16:30:28.243Z] Checked emotional-regulation-skills → google=true bing=false status=complete
[2025-08-19T16:30:28.831Z] Checked can-you-get-seasonal-depression-in-the-summer → google=false bing=false status=not-indexed
[2025-08-19T16:30:29.254Z] Checked couples-therapy-vs-individual-therapy → google=false bing=false status=not-indexed
[2025-08-19T16:30:29.945Z] Checked can-stress-and-anxiety-cause-body-aches → google=true bing=false status=complete
[2025-08-19T16:30:30.679Z] Checked hidden-impact-of-chronic-pain → google=true bing=false status=complete
[2025-08-19T16:30:31.072Z] Checked mental-health-stigma → google=false bing=false status=not-indexed
[2025-08-19T16:30:31.481Z] Checked emotional-numbness → google=false bing=false status=not-indexed
[2025-08-19T16:30:31.887Z] Checked ketamine-therapy-for-anxiety → google=false bing=false status=not-indexed
[2025-08-19T16:30:32.499Z] Checked finding-support-online-therapy-for-trauma → google=true bing=false status=complete
[2025-08-19T16:30:32.910Z] Checked veterans-psychedelic-therapy-healing-our-heroes → google=false bing=false status=not-indexed
[2025-08-19T16:30:33.321Z] Checked finding-relief-online-therapy-for-anxiety → google=false bing=false status=not-indexed
[2025-08-19T16:30:33.726Z] Checked finding-relief-online-therapy-for-obsessive-compulsive-disorder → google=false bing=false status=not-indexed
[2025-08-19T16:30:34.206Z] Checked emdr-therapy-for-ptsd-in-veterans-healing-the-invisible-wounds → google=false bing=false status=not-indexed
[2025-08-19T16:30:34.659Z] Checked healing-ptsd-with-psychedelic-therapy-for-ptsd → google=false bing=false status=not-indexed
[2025-08-19T16:30:35.058Z] Checked finding-freedom-online-therapy-for-agoraphobia → google=false bing=false status=not-indexed
[2025-08-19T16:30:35.475Z] Checked healing-social-anxiety-with-ketamine-therapy → google=false bing=false status=not-indexed
[2025-08-19T16:30:35.875Z] Checked what-is-psychedelic-integration-therapy → google=false bing=false status=not-indexed
[2025-08-19T16:30:36.248Z] Checked what-is-ketamine-therapy → google=false bing=false status=not-indexed
[2025-08-19T16:30:36.643Z] Checked what-is-psychiatric-therapy → google=false bing=false status=not-indexed
[2025-08-19T16:30:37.024Z] Checked what-is-emdr-therapy → google=false bing=false status=not-indexed
[2025-08-19T16:30:37.445Z] Checked how-to-stop-anxiety-attack-in-the-heat-of-summer → google=false bing=false status=not-indexed
[2025-08-19T16:30:37.828Z] Checked what-is-talk-therapy → google=false bing=false status=not-indexed
[2025-08-19T16:30:38.223Z] Checked summer-mental-health → google=false bing=false status=not-indexed
[2025-08-19T16:30:38.592Z] Checked what-does-edmr-therapy-do → google=false bing=false status=not-indexed
[2025-08-19T16:30:39.005Z] Checked benefits-of-emdr-therapy → google=false bing=false status=not-indexed
[2025-08-19T16:30:39.406Z] Checked how-does-emdr-work → google=false bing=false status=not-indexed
[2025-08-19T16:30:39.814Z] Checked end-of-school-emotions → google=false bing=false status=not-indexed
[2025-08-19T16:30:40.240Z] Checked emdr-therapy-for-anxiety-and-depression → google=false bing=false status=not-indexed
[2025-08-19T16:30:40.638Z] Checked emdr-therapy-for-grief → google=false bing=false status=not-indexed
[2025-08-19T16:30:41.039Z] Checked ketamine-therapy-for-veterans → google=false bing=false status=not-indexed
[2025-08-19T16:30:41.441Z] Checked psychedelic-therapy-for-trauma → google=false bing=false status=not-indexed
[2025-08-19T16:30:41.850Z] Checked ketamine-therapy-for-childhood-trauma → google=false bing=false status=not-indexed
[2025-08-19T16:30:42.276Z] Checked psychedelic-therapy-for-bipolar → google=false bing=false status=not-indexed
[2025-08-19T16:30:42.689Z] Checked science-behind-ketamine-therapy → google=false bing=false status=not-indexed
[2025-08-19T16:30:43.139Z] Checked ketamine-therapy-for-ptsd → google=false bing=false status=not-indexed
[2025-08-19T16:30:43.535Z] Checked talk-therapy-for-depression → google=false bing=false status=not-indexed
[2025-08-19T16:30:43.978Z] Checked ketamine-therapy-for-ocd → google=false bing=false status=not-indexed
[2025-08-19T16:30:44.397Z] Checked ketamine-therapy-for-pain-management → google=false bing=false status=not-indexed
[2025-08-19T16:30:44.823Z] Checked understanding-treatment-resistant-depression → google=false bing=false status=not-indexed
[2025-08-19T16:30:45.226Z] Checked ketamine-therapy-for-chronic-pain → google=false bing=false status=not-indexed
[2025-08-19T16:30:45.656Z] Checked ketamine-therapy-for-anxiety-and-depression → google=false bing=false status=not-indexed
[2025-08-19T16:30:46.057Z] Checked ketamine-therapy-for-couples → google=false bing=false status=not-indexed
[2025-08-19T16:30:46.461Z] Checked understanding-autism-adhd → google=false bing=false status=not-indexed
[2025-08-19T16:30:46.870Z] Checked emdr-therapy-for-family-trauma → google=false bing=false status=not-indexed
[2025-08-19T16:30:47.418Z] Checked talk-therapy-for-narcissistic-personality-disorder → google=false bing=false status=not-indexed
[2025-08-19T16:30:47.832Z] Checked mental-health-statistics → google=false bing=false status=not-indexed
[2025-08-19T16:30:48.293Z] Checked emdr-therapy-for-abandonment-issues → google=false bing=false status=not-indexed
[2025-08-19T16:30:48.719Z] Checked how-to-find-a-sitter → google=false bing=false status=not-indexed
[2025-08-19T16:30:49.141Z] Checked ben-medrano-blog-post → google=false bing=false status=not-indexed
[2025-08-19T16:30:49.585Z] Checked ketamine-integration-guide → google=false bing=false status=not-indexed
[2025-08-19T16:30:49.989Z] Checked ketamine-integration-exercises → google=false bing=false status=not-indexed
[2025-08-19T16:30:50.408Z] Checked will-ketamine-show-up-on-my-drug-test → google=false bing=false status=not-indexed
[2025-08-19T16:30:50.841Z] Checked what-to-know-nervous-ketamine-experience → google=false bing=false status=not-indexed
[2025-08-19T16:30:51.241Z] Checked how-we-keep-you-safe-at-innerwell → google=false bing=false status=not-indexed
[2025-08-19T16:30:51.648Z] Checked in-memoriam-dr.-garrett-deckel → google=false bing=false status=not-indexed
[2025-08-19T16:30:52.056Z] Checked innerwell-reviews → google=false bing=false status=not-indexed
[2025-08-19T16:30:52.482Z] Checked 135-intention-setting-examples-for-ketamine-therapy → google=false bing=false status=not-indexed
[2025-08-19T16:30:52.902Z] Checked online-ketamine-therapy-101 → google=false bing=false status=not-indexed
[2025-08-19T16:30:53.325Z] Checked ketamine-intention-setting → google=false bing=false status=not-indexed
[2025-08-19T16:30:53.757Z] Checked benefits-of-at-home-ketamine-therapy-vs-in-person → google=false bing=false status=not-indexed
[2025-08-19T16:30:54.159Z] Checked low-cost-ketamine-treatment → google=false bing=false status=not-indexed
[2025-08-19T16:30:54.575Z] Checked how-to-prepare-for-ketamine-experience → google=false bing=false status=not-indexed
[2025-08-19T16:30:54.976Z] Checked how-do-i-interact-with-my-therapist → google=false bing=false status=not-indexed
[2025-08-19T16:30:55.374Z] Checked dispelling-stigma-psychedelics → google=false bing=false status=not-indexed
[2025-08-19T16:30:55.776Z] Checked ketamine-for-anxiety → google=false bing=false status=not-indexed
[2025-08-19T16:30:56.159Z] Checked post-session-care → google=false bing=false status=not-indexed
[2025-08-19T16:30:56.546Z] Checked role-of-a-sitter → google=false bing=false status=not-indexed
[2025-08-19T16:30:56.939Z] Checked ketamine-101 → google=false bing=false status=not-indexed
[2025-08-19T16:30:57.316Z] Checked what-to-consider-psychedelic-therapy → google=false bing=false status=not-indexed
[2025-08-19T16:30:57.716Z] Checked meet-innerwell → google=false bing=false status=not-indexed
[2025-08-19T16:30:57.719Z] Wrote 84 statuses → /Users/apple/Desktop/Documents/Projects/practice/innerwell/innerwell-reflections/public/indexing-status.json. Log: /Users/apple/Desktop/Documents/Projects/practice/innerwell/innerwell-reflections/logs/indexing-2025-08-19.log
